Diagnose log at 2026-07-09T07:15:07Z

AppPath: C:\Program Files\Git\mingw64\bin\git-credential-manager.exe
InstallDir: C:\Program Files\Git\mingw64\bin\
Version: 2.6.1+786ab03440ddc82e807a97c0e540f5247e44cec6

------------
Diagnostic: Environment
Skipped: False
Success: True
Exception: None
Log:
OSType: Windows
OSVersion: 10.0 (build 22631)
Reading environment variables... OK
 Variables:
HOMEPATH=\Users\amo
DriverData=C:\Windows\System32\Drivers\DriverData
COMPUTERNAME=MSI
GIT_TRACE2_PARENT_SID=0127bcca-21a1-4a93-8d4f-77582d14790c
CommonProgramFiles(x86)=C:\Program Files (x86)\Common Files
OneDrive=C:\Users\amo\OneDrive
ChocolateyLastPathUpdate=133442242971525405
SESSIONNAME=Console
TMP=C:\Users\amo\AppData\Local\Temp
LC_CTYPE=C.UTF-8
PATHEXT=.COM;.EXE;.BAT;.CMD;.VBS;.VBE;.JS;.JSE;.WSF;.WSH;.MSC;.PY;.PYW
USERNAME=amo
GIT_EXEC_PATH=C:/Program Files/Git/mingw64/libexec/git-core
TEMP=C:\Users\amo\AppData\Local\Temp
LOCALAPPDATA=C:\Users\amo\AppData\Local
MSYSTEM=MINGW64
TERM=xterm-256color
COLORTERM=truecolor
JAVA_HOME=C:\Program Files\Java\jdk-16.0.2
USERDOMAIN=MSI
PROCESSOR_REVISION=a502
Path=C:/Program Files/Git/mingw64/libexec/git-core;C:\Program Files\Git\mingw64\bin;C:\Program Files\Git\usr\bin;C:\Users\amo\bin;C:\Program Files\Python310\Scripts\;C:\Program Files\Python310\;C:\Program Files\Common Files\Oracle\Java\javapath;C:\Windows\system32;C:\Windows;C:\Windows\System32\Wbem;C:\Windows\System32\WindowsPowerShell\v1.0\;C:\Windows\System32\OpenSSH\;C:\Program Files (x86)\NVIDIA Corporation\PhysX\Common;C:\Program Files\NVIDIA Corporation\NVIDIA NvDLISR;C:\WINDOWS\system32;C:\WINDOWS;C:\WINDOWS\System32\Wbem;C:\WINDOWS\System32\WindowsPowerShell\v1.0\;C:\WINDOWS\System32\OpenSSH\;C:\ProgramData\chocolatey\bin;C:\Program Files\php-8.2.12;C:\ProgramData\ComposerSetup\bin;C:\Program Files\dotnet\;C:\Program Files\Git\cmd;C:\Program Files\nodejs\;C:\Program Files\Microsoft SQL Server\170\Tools\Binn\;C:\Program Files\Microsoft SQL Server\Client SDK\ODBC\170\Tools\Binn\;C:\Program Files (x86)\Windows Kits\10\Windows Performance Toolkit\;C:\Program Files (x86)\PDFtk Server\bin\;C:\Program Files\Docker\Docker\resources\bin;C:\Program Files\Python310;C:\Users\amo\AppData\Local\Microsoft\WindowsApps;C:\Users\amo\AppData\Local\Programs\Microsoft VS Code\bin;C:\Users\amo\AppData\Roaming\Composer\vendor\bin;C:\Users\amo\AppData\Local\Android\Sdk\platform-tools;C:\platform-tools\platform-tools;C:\Users\amo\.dotnet\tools;C:\xampp\php;C:\Program Files\Tesseract-OCR;C:\Users\amo\AppData\Local\Programs\Python\Python313;C:\Users\amo\AppData\Local\Programs\Python\Python313\Scripts;C:\Program Files\Git\cmd;C:\Program Files\Git\bin;C:\Users\amo\AppData\Local\Programs\Python\Python313\Scripts;C:\Users\amo\AppData\Roaming\npm;C:\Users\amo\Downloads\flutter_windows_3.38.4-stable\flutter\bin;
PROCESSOR_LEVEL=6
PROCESSOR_IDENTIFIER=Intel64 Family 6 Model 165 Stepping 2, GenuineIntel
TMPDIR=C:\Users\amo\AppData\Local\Temp
PROMPT=$P$G
configsetroot=C:\WINDOWS\ConfigSetRoot
ProgramFiles(x86)=C:\Program Files (x86)
PUBLIC=C:\Users\Public
NUMBER_OF_PROCESSORS=12
FPS_BROWSER_USER_PROFILE_STRING=Default
CommonProgramFiles=C:\Program Files (x86)\Common Files
PLINK_PROTOCOL=ssh
ProgramData=C:\ProgramData
ProgramFiles=C:\Program Files (x86)
ChocolateyInstall=C:\ProgramData\chocolatey
RlsSvcPort=22112
ProgramW6432=C:\Program Files
HOME=C:\Users\amo
SystemRoot=C:\WINDOWS
CommonProgramW6432=C:\Program Files\Common Files
ZES_ENABLE_SYSMAN=1
LOGONSERVER=\\MSI
USERPROFILE=C:\Users\amo
USERDOMAIN_ROAMINGPROFILE=MSI
APPDATA=C:\Users\amo\AppData\Roaming
HOMEDRIVE=C:
ACSetupSvcPort=23210
PSModulePath=C:\Program Files\WindowsPowerShell\Modules;C:\WINDOWS\system32\WindowsPowerShell\v1.0\Modules
VBOX_MSI_INSTALL_PATH=C:\Program Files\Oracle\VirtualBox\
EFC_11944=1
PROCESSOR_ARCHITEW6432=AMD64
FPS_BROWSER_APP_PROFILE_STRING=Internet Explorer
PROCESSOR_ARCHITECTURE=x86
OS=Windows_NT
ComSpec=C:\WINDOWS\system32\cmd.exe
SystemDrive=C:
windir=C:\WINDOWS
ALLUSERSPROFILE=C:\ProgramData


------------
Diagnostic: File system
Skipped: False
Success: True
Exception: None
Log:
Temporary directory is 'C:\Users\amo\AppData\Local\Temp\'...
Checking basic file I/O...
Writing to temporary file 'C:\Users\amo\AppData\Local\Temp\2596425588f3291837874ddc'... OK
Reading from temporary file 'C:\Users\amo\AppData\Local\Temp\2596425588f3291837874ddc'... OK
Deleting temporary file 'C:\Users\amo\AppData\Local\Temp\2596425588f3291837874ddc'... OK
Testing IFileSystem instance...
UserHomePath: C:\Users\amo
UserDataDirectoryPath: C:\Users\amo\.gcm
GetCurrentDirectory(): C:\xampp\htdocs\portfolio

------------
Diagnostic: Networking
Skipped: False
Success: True
Exception: None
Log:
Checking networking and HTTP stack...
Creating HTTP client... OK
IsNetworkAvailable: True
Sending HEAD request to http://example.com...Sending HEAD request to https://example.com... OK
 OK
Acquiring free TCP port... OK
Testing local HTTP loopback connections...
Creating new HTTP listener for http://localhost:56733/... OK
Waiting for loopback connection... OK
Writing response... OK
Waiting for response data... OK
Loopback connection data OK

------------
Diagnostic: Git
Skipped: False
Success: True
Exception: None
Log:
Getting Git version... OK
Git version is '2.49.0.windows.1'
Locating current repository...Git repository at 'C:/xampp/htdocs/portfolio/.git'
 OK
Listing all Git configuration... OK
Git configuration:
file:C:/Program Files/Git/etc/gitconfig	diff.astextplain.textconv=astextplain
file:C:/Program Files/Git/etc/gitconfig	filter.lfs.clean=git-lfs clean -- %f
file:C:/Program Files/Git/etc/gitconfig	filter.lfs.smudge=git-lfs smudge -- %f
file:C:/Program Files/Git/etc/gitconfig	filter.lfs.process=git-lfs filter-process
file:C:/Program Files/Git/etc/gitconfig	filter.lfs.required=true
file:C:/Program Files/Git/etc/gitconfig	http.sslbackend=schannel
file:C:/Program Files/Git/etc/gitconfig	core.autocrlf=true
file:C:/Program Files/Git/etc/gitconfig	core.fscache=true
file:C:/Program Files/Git/etc/gitconfig	core.symlinks=false
file:C:/Program Files/Git/etc/gitconfig	pull.rebase=false
file:C:/Program Files/Git/etc/gitconfig	credential.helper=manager
file:C:/Program Files/Git/etc/gitconfig	credential.https://dev.azure.com.usehttppath=true
file:C:/Program Files/Git/etc/gitconfig	init.defaultbranch=master
file:C:/Users/amo/.gitconfig	user.name=Delfin Carlos
file:C:/Users/amo/.gitconfig	user.email=delfincarlos2828@gmail.com
file:C:/Users/amo/.gitconfig	credential.helper=manager
file:.git/config	core.repositoryformatversion=0
file:.git/config	core.filemode=false
file:.git/config	core.bare=false
file:.git/config	core.logallrefupdates=true
file:.git/config	core.symlinks=false
file:.git/config	core.ignorecase=true
file:.git/config	remote.origin.url=https://github.com/dj12342/portfolio.git
file:.git/config	remote.origin.fetch=+refs/heads/*:refs/remotes/origin/*


------------
Diagnostic: Credential storage
Skipped: False
Success: True
Exception: None
Log:
ICredentialStore instance is of type: CredentialStore
Writing test credential... OK
Reading test credential... OK
Deleting test credential... OK

------------
Diagnostic: Microsoft authentication (AAD/MSA)
Skipped: False
Success: True
Exception: None
Log:
Broker is not enabled.
Flow type is: Auto
Gathering MSAL token cache data... OK
CacheDirectory: C:\Users\amo\AppData\Local\.IdentityService
CacheFileName: msal.cache
CacheFilePath: C:\Users\amo\AppData\Local\.IdentityService\msal.cache
Creating cache helper... OK
Verifying MSAL token cache persistence... OK

------------
Diagnostic: GitHub API
Skipped: False
Success: True
Exception: None
Log:
Using 'https://github.com/' as API target.
Querying '/meta' endpoint... OK

